<?xml version='1.0' encoding='UTF-8'?>
<testsuite hostname="DESKTOP-2NQEDLH" name="riichinexus.ApiServerSuite" tests="34" errors="0" failures="0" skipped="0" time="8.615" timestamp="2026-04-03T10:44:53">
          <properties>
[...]
</properties>
          <testcase classname="riichinexus.ApiServerSuite" name="guest session endpoints support anonymous club applications" time="2.821">
                      
                    </testcase><testcase classname="riichinexus.ApiServerSuite" name="registered players can submit and withdraw club applications over the API" time="0.166">
                      
                    </testcase><testcase classname="riichinexus.ApiServerSuite" name="club applications endpoint returns submitted applications" time="0.128">
                      
                    </testcase><testcase classname="riichinexus.ApiServerSuite" name="tournament whitelist and stage tables endpoints return seeded competition data" time="0.338">
                      
                    </testcase><testcase classname="riichinexus.ApiServerSuite" name="record and appeal detail endpoints return persisted workflow objects" time="0.316">
                      
                    </testcase><testcase classname="riichinexus.ApiServerSuite" name="appeal workflow endpoints support triage filters and reopen flow" time="0.228">
                      
                    </testcase><testcase classname="riichinexus.ApiServerSuite" name="dashboard endpoints enforce RBAC and allow scoped access" time="0.167">
                      
                    </testcase><testcase classname="riichinexus.ApiServerSuite" name="advanced stats endpoints expose dedicated boards with dashboard RBAC" time="0.247">
                      
                    </testcase><testcase classname="riichinexus.ApiServerSuite" name="advanced stats admin endpoints expose summary and missing-only backfill" time="0.148">
                      
                    </testcase><testcase classname="riichinexus.ApiServerSuite" name="admin dictionary rejects unknown reserved runtime namespace keys" time="0.141">
                      
                    </testcase><testcase classname="riichinexus.ApiServerSuite" name="dictionary namespace workflow allows approved owners to write metadata keys" time="0.238">
                      
                    </testcase><testcase classname="riichinexus.ApiServerSuite" name="dictionary namespace collaborators can write and reminders can be processed over the API" time="0.191">
                      
                    </testcase><testcase classname="riichinexus.ApiServerSuite" name="dictionary namespace context club endpoints enforce explicit club scoping over the API" time="0.177">
                      
                    </testcase><testcase classname="riichinexus.ApiServerSuite" name="dictionary namespace transfer rejects suspended owners over the API" time="0.14">
                      
                    </testcase><testcase classname="riichinexus.ApiServerSuite" name="dictionary namespace backlog endpoints expose overdue triage data" time="0.158">
                      
                    </testcase><testcase classname="riichinexus.ApiServerSuite" name="dictionary key and audit aggregate endpoints return targeted admin data" time="0.135">
                      
                    </testcase><testcase classname="riichinexus.ApiServerSuite" name="players and clubs list endpoints support shared pagination and filters" time="0.165">
                      
                    </testcase><testcase classname="riichinexus.ApiServerSuite" name="tables records and appeals endpoints support filtering and pagination" time="0.264">
                      
                    </testcase><testcase classname="riichinexus.ApiServerSuite" name="dictionary and audit collection endpoints support filters and pagination" time="0.13">
                      
                    </testcase><testcase classname="riichinexus.ApiServerSuite" name="dictionary API changes default tournament settlement ratios at runtime" time="0.187">
                      
                    </testcase><testcase classname="riichinexus.ApiServerSuite" name="tournament settlement API supports draft revisions finalization and status filters" time="0.187">
                      
                    </testcase><testcase classname="riichinexus.ApiServerSuite" name="club management endpoints revoke admin and remove member" time="0.151">
                      
                    </testcase><testcase classname="riichinexus.ApiServerSuite" name="tournament admin revoke endpoint removes scoped admin role" time="0.153">
                      
                    </testcase><testcase classname="riichinexus.ApiServerSuite" name="club operation endpoints update treasury point pool and rank tree" time="0.159">
                      
                    </testcase><testcase classname="riichinexus.ApiServerSuite" name="club member privilege endpoints expose delegated rank capabilities" time="0.169">
                      
                    </testcase><testcase classname="riichinexus.ApiServerSuite" name="club title API supports clearing assigned titles" time="0.144">
                      
                    </testcase><testcase classname="riichinexus.ApiServerSuite" name="club relation endpoint keeps reciprocal mappings in sync" time="0.138">
                      
                    </testcase><testcase classname="riichinexus.ApiServerSuite" name="stage table endpoints expose round filters for multi-round scheduling" time="0.18">
                      
                    </testcase><testcase classname="riichinexus.ApiServerSuite" name="dictionary-backed rule templates can configure stage rules over the API" time="0.139">
                      
                    </testcase><testcase classname="riichinexus.ApiServerSuite" name="stage rules API can switch swiss pairingMethod to snake" time="0.13">
                      
                    </testcase><testcase classname="riichinexus.ApiServerSuite" name="custom stage rules can limit scheduled tables through targetTableCount" time="0.131">
                      
                    </testcase><testcase classname="riichinexus.ApiServerSuite" name="stage standings endpoint honors swiss carryOverPoints flag" time="0.152">
                      
                    </testcase><testcase classname="riichinexus.ApiServerSuite" name="table seat state endpoint controls readiness and disconnect flow" time="0.161">
                      
                    </testcase><testcase classname="riichinexus.ApiServerSuite" name="club honor endpoints award and revoke honors" time="0.136">
                      
                    </testcase>
          <system-out><![CDATA[]]></system-out>
          <system-err><![CDATA[]]></system-err>
        </testsuite>