<?xml version='1.0' encoding='UTF-8'?>
<testsuite hostname="DESKTOP-2NQEDLH" name="riichinexus.FrontendContractSuite" tests="8" errors="0" failures="0" skipped="0" time="3.625" timestamp="2026-04-19T17:19:34">
          <properties>
[...]
</properties>
          <testcase classname="riichinexus.FrontendContractSuite" name="openapi and swagger endpoints expose frontend contract docs" time="2.014">
                      
                    </testcase><testcase classname="riichinexus.FrontendContractSuite" name="session endpoints expose registered, guest and anonymous session views" time="0.19">
                      
                    </testcase><testcase classname="riichinexus.FrontendContractSuite" name="club application contract follows recruitment policy and supports review flow" time="0.52">
                      
                    </testcase><testcase classname="riichinexus.FrontendContractSuite" name="public tournament contract exposes index detail and stage directory" time="0.241">
                      
                    </testcase><testcase classname="riichinexus.FrontendContractSuite" name="creating tournaments without explicit stages still exposes a lineup-ready initial stage" time="0.208">
                      
                    </testcase><testcase classname="riichinexus.FrontendContractSuite" name="tournament mutation contract returns dedicated detail views for operations endpoints" time="0.174">
                      
                    </testcase><testcase classname="riichinexus.FrontendContractSuite" name="club tournament participation contract exposes invitation and accept-decline lifecycle" time="0.154">
                      
                    </testcase><testcase classname="riichinexus.FrontendContractSuite" name="club tournament participation recent scope excludes stale historical tournaments" time="0.124">
                      
                    </testcase>
          <system-out><![CDATA[]]></system-out>
          <system-err><![CDATA[]]></system-err>
        </testsuite>