<?xml version='1.0' encoding='UTF-8'?>
<testsuite hostname="DESKTOP-2NQEDLH" name="riichinexus.RiichiNexusSuite" tests="41" errors="0" failures="0" skipped="0" time="1.929" timestamp="2026-04-12T21:54:25">
          <properties>
[...]
</properties>
          <testcase classname="riichinexus.RiichiNexusSuite" name="guest access sessions can submit club applications with anonymous identity" time="0.305">
                      
                    </testcase><testcase classname="riichinexus.RiichiNexusSuite" name="pending club applications can be withdrawn by their original actor" time="0.01">
                      
                    </testcase><testcase classname="riichinexus.RiichiNexusSuite" name="scheduling a stage creates one four-player table" time="0.136">
                      
                    </testcase><testcase classname="riichinexus.RiichiNexusSuite" name="recording a completed table updates player elo and dashboards" time="0.395">
                      
                    </testcase><testcase classname="riichinexus.RiichiNexusSuite" name="advanced stats pipeline computes exact sample metadata from detailed paifu" time="0.174">
                      
                    </testcase><testcase classname="riichinexus.RiichiNexusSuite" name="advanced stats pipeline retries failed tasks and dead-letters after max attempts" time="0.013">
                      
                    </testcase><testcase classname="riichinexus.RiichiNexusSuite" name="advanced stats backfill mode targets only missing boards" time="0.005">
                      
                    </testcase><testcase classname="riichinexus.RiichiNexusSuite" name="stage lineups preserve represented club for multi-club players" time="0.063">
                      
                    </testcase><testcase classname="riichinexus.RiichiNexusSuite" name="secondary club dashboards refresh after a member match result" time="0.016">
                      
                    </testcase><testcase classname="riichinexus.RiichiNexusSuite" name="club titles can be cleared after assignment with audit trail" time="0.009">
                      
                    </testcase><testcase classname="riichinexus.RiichiNexusSuite" name="registering players and managing club rosters initializes dashboards and power rating" time="0.008">
                      
                    </testcase><testcase classname="riichinexus.RiichiNexusSuite" name="global dictionary can tune club power formula at runtime" time="0.025">
                      
                    </testcase><testcase classname="riichinexus.RiichiNexusSuite" name="global dictionary can tune rating calculation at runtime" time="0.034">
                      
                    </testcase><testcase classname="riichinexus.RiichiNexusSuite" name="global dictionary provides default tournament payout ratios" time="0.085">
                      
                    </testcase><testcase classname="riichinexus.RiichiNexusSuite" name="tournament settlement supports revisions draft finalization and club-share adjustments" time="0.031">
                      
                    </testcase><testcase classname="riichinexus.RiichiNexusSuite" name="appeal workflow emits moderation and notification cascade records" time="0.063">
                      
                    </testcase><testcase classname="riichinexus.RiichiNexusSuite" name="appeal workflow supports triage assignment overdue tracking and reopening" time="0.033">
                      
                    </testcase><testcase classname="riichinexus.RiichiNexusSuite" name="dictionary updates and player bans repair club projections and emit cascade records" time="0.018">
                      
                    </testcase><testcase classname="riichinexus.RiichiNexusSuite" name="dictionary namespace workflow governs metadata writes while runtime registry stays strict" time="0.037">
                      
                    </testcase><testcase classname="riichinexus.RiichiNexusSuite" name="dictionary namespace collaborators can write metadata and co-owners can manage editors" time="0.016">
                      
                    </testcase><testcase classname="riichinexus.RiichiNexusSuite" name="dictionary namespace ownership rejects suspended or banned owners" time="0.002">
                      
                    </testcase><testcase classname="riichinexus.RiichiNexusSuite" name="dictionary namespace backlog tracks pending overdue and due-soon reviews" time="0.014">
                      
                    </testcase><testcase classname="riichinexus.RiichiNexusSuite" name="dictionary namespace reminder processing emits due-soon and escalated actions without spamming" time="0.009">
                      
                    </testcase><testcase classname="riichinexus.RiichiNexusSuite" name="dictionary namespace explicit context club governs collaborators transfers and writes" time="0.022">
                      
                    </testcase><testcase classname="riichinexus.RiichiNexusSuite" name="global dictionary normalizes ranks in the public player leaderboard" time="0.016">
                      
                    </testcase><testcase classname="riichinexus.RiichiNexusSuite" name="stage lineup preferred winds influence scheduled seats" time="0.008">
                      
                    </testcase><testcase classname="riichinexus.RiichiNexusSuite" name="club operations update treasury point pool and rank tree" time="0.01">
                      
                    </testcase><testcase classname="riichinexus.RiichiNexusSuite" name="club member contributions resolve effective rank privileges" time="0.011">
                      
                    </testcase><testcase classname="riichinexus.RiichiNexusSuite" name="delegated club rank privileges unlock roster bank and lineup operations" time="0.014">
                      
                    </testcase><testcase classname="riichinexus.RiichiNexusSuite" name="multi-round scheduling respects pool size and advances rounds incrementally" time="0.11">
                      
                    </testcase><testcase classname="riichinexus.RiichiNexusSuite" name="reserve lineup seats backfill unavailable active players during scheduling" time="0.005">
                      
                    </testcase><testcase classname="riichinexus.RiichiNexusSuite" name="swiss pairingMethod can switch from balanced elo to snake grouping" time="0.042">
                      
                    </testcase><testcase classname="riichinexus.RiichiNexusSuite" name="round robin stages rotate dedicated table pods across rounds" time="0.029">
                      
                    </testcase><testcase classname="riichinexus.RiichiNexusSuite" name="custom stages honor targetTableCount for scheduling and completion" time="0.021">
                      
                    </testcase><testcase classname="riichinexus.RiichiNexusSuite" name="swiss maxRounds limits scheduling horizon and completion requirements" time="0.056">
                      
                    </testcase><testcase classname="riichinexus.RiichiNexusSuite" name="knockout seeding policy can follow rating instead of ranking order" time="0.033">
                      
                    </testcase><testcase classname="riichinexus.RiichiNexusSuite" name="club relations stay reciprocal when updated or cleared" time="0.009">
                      
                    </testcase><testcase classname="riichinexus.RiichiNexusSuite" name="swiss standings can reset each round when carryOverPoints is disabled" time="0.018">
                      
                    </testcase><testcase classname="riichinexus.RiichiNexusSuite" name="table seat readiness and disconnect workflow gates table start" time="0.006">
                      
                    </testcase><testcase classname="riichinexus.RiichiNexusSuite" name="club honors can be awarded and revoked with audit trail" time="0.008">
                      
                    </testcase><testcase classname="riichinexus.RiichiNexusSuite" name="round settlement validation and match record notes are populated from paifu" time="0.01">
                      
                    </testcase>
          <system-out><![CDATA[]]></system-out>
          <system-err><![CDATA[]]></system-err>
        </testsuite>